Arguments: 
  /usr/local/bin/node /usr/local/Cellar/yarn/1.3.2/libexec/bin/yarn.js --registry=https://registry.npm.taobao.orgls

PATH: 
  /usr/local/bin:/usr/bin:/bin:/usr/sbin:/sbin

Yarn version: 
  1.3.2

Node version: 
  8.11.3

Platform: 
  darwin x64

npm manifest: 
  {
      "name": "@talentui/registry",
      "version": "1.0.0",
      "main": "index.js",
      "author": "lihe3 <lihe3@corp.beisencorp.com>",
      "license": "MIT",
      "scripts": {
        "build": "rm -rf index.js && npx babel main.js --out-file index.js",
        "prepublish": "yarn run build"
      },
      "devDependencies": {
        "babel-cli": "^6.24.1",
        "babel-plugin-transform-decorators-legacy": "^1.3.4",
        "babel-polyfill": "^6.26.0",
        "babel-preset-env": "^1.5.1",
        "babel-preset-react": "^6.24.1",
        "babel-preset-stage-0": "^6.24.1"
      }
    }

yarn manifest: 
  No manifest

Lockfile: 
  No lockfile

Trace: 
  Error: getaddrinfo ENOTFOUND registry.npm.taobao.orgls registry.npm.taobao.orgls:443
      at errnoException (dns.js:50:10)
      at GetAddrInfoReqWrap.onlookup [as oncomplete] (dns.js:92:26)
